<?xml version="1.0" encoding="UTF-8"?>
<!-- Generated by org.testng.reporters.JUnitReportReporter -->
<testsuite skipped="0" hostname="IL-MF10-NA102OH" name="script.DAY06" tests="1" failures="0" timestamp="20 May 2019 10:23:07 GMT" time="52.975" errors="0">
  <testcase name="TC06" time="52.975" classname="script.DAY06"/>
</testsuite> <!-- script.DAY06 -->
