<?xml version="1.0" encoding="UTF-8"?>
<!-- Generated by org.testng.reporters.JUnitReportReporter -->
<testsuite skipped="0" hostname="IL-MF10-NA102OH" name="script.DAY01" tests="1" failures="0" timestamp="19 May 2019 08:44:50 GMT" time="29.309" errors="0">
  <testcase name="TC01" time="29.309" classname="script.DAY01"/>
</testsuite> <!-- script.DAY01 -->
