<?xml version="1.0" encoding="UTF-8"?>
<!-- Generated by org.testng.reporters.JUnitReportReporter -->
<testsuite hostname="IL-MF10-NA102OH" failures="0" tests="3" name="com.crm.qa.testcases.ContactsPageTest" time="370.565" errors="0" timestamp="2019-09-17T11:38:47 IST" skipped="0">
  <testcase classname="com.crm.qa.testcases.ContactsPageTest" name="validateCreateNewContact" time="141.922"/>
  <testcase classname="com.crm.qa.testcases.ContactsPageTest" name="validateCreateNewContact" time="114.785"/>
  <testcase classname="com.crm.qa.testcases.ContactsPageTest" name="validateCreateNewContact" time="113.858"/>
</testsuite> <!-- com.crm.qa.testcases.ContactsPageTest -->
