<?xml version="1.0" encoding="UTF-8"?>
<!-- Generated by org.testng.reporters.JUnitReportReporter -->
<testsuite skipped="0" hostname="IL-MF10-NA102OH" name="script.DAY07" tests="1" failures="0" timestamp="21 May 2019 09:41:12 GMT" time="59.570" errors="0">
  <testcase name="TC07" time="59.570" classname="script.DAY07"/>
</testsuite> <!-- script.DAY07 -->
