<?xml version="1.0" encoding="UTF-8"?>
<!-- Generated by org.testng.reporters.JUnitReportReporter -->
<testsuite skipped="0" hostname="IL-MF10-NA102OH" name="script.DAY08" tests="1" failures="0" timestamp="21 May 2019 10:05:17 GMT" time="53.764" errors="0">
  <testcase name="TC08" time="53.764" classname="script.DAY08"/>
</testsuite> <!-- script.DAY08 -->
