<?xml version="1.0" encoding="UTF-8"?>
<!-- Generated by org.testng.reporters.JUnitReportReporter -->
<testsuite skipped="0" hostname="IL-MF10-NA102OH" name="script.DAY10" tests="1" failures="0" timestamp="18 May 2019 06:54:29 GMT" time="40.778" errors="0">
  <testcase name="TC10" time="40.778" classname="script.DAY10"/>
</testsuite> <!-- script.DAY10 -->
