<?xml version="1.0" encoding="UTF-8"?>
<!-- Generated by org.testng.reporters.JUnitReportReporter -->
<testsuite skipped="0" hostname="IL-MF10-NA102OH" name="script.DAY04" tests="1" failures="0" timestamp="19 May 2019 10:17:42 GMT" time="47.281" errors="0">
  <testcase name="TC04" time="47.281" classname="script.DAY04"/>
</testsuite> <!-- script.DAY04 -->
