<?xml version="1.0" encoding="UTF-8"?>
<!-- Generated by org.testng.reporters.JUnitReportReporter -->
<testsuite skipped="0" hostname="IL-MF10-NA102OH" name="script.DAY03" tests="1" failures="0" timestamp="19 May 2019 08:58:16 GMT" time="34.182" errors="0">
  <testcase name="TC03" time="34.182" classname="script.DAY03"/>
</testsuite> <!-- script.DAY03 -->
