<?xml version="1.0" encoding="UTF-8"?>
<!-- Generated by org.testng.reporters.JUnitReportReporter -->
<testsuite hostname="IL-MF10-NA102OH" failures="0" tests="5" name="com.crm.qa.testcases.HomePageTest" time="262.115" errors="0" timestamp="2019-09-16T16:24:07 IST" skipped="0">
  <testcase classname="com.crm.qa.testcases.HomePageTest" name="verifyTitle" time="61.598"/>
  <testcase classname="com.crm.qa.testcases.HomePageTest" name="verifyUser" time="57.852"/>
  <testcase classname="com.crm.qa.testcases.HomePageTest" name="verifyContactLinkTest" time="50.881"/>
  <testcase classname="com.crm.qa.testcases.HomePageTest" name="verifyDealLinkTest" time="32.247"/>
  <testcase classname="com.crm.qa.testcases.HomePageTest" name="verifyTaskLinkTest" time="59.537"/>
</testsuite> <!-- com.crm.qa.testcases.HomePageTest -->
