<?xml version="1.0" encoding="UTF-8"?>
<!-- Generated by org.testng.reporters.JUnitReportReporter -->
<testsuite skipped="0" hostname="IL-MF10-NA102OH" name="script.DAY09" tests="1" failures="0" timestamp="21 May 2019 10:09:21 GMT" time="29.693" errors="0">
  <testcase name="TC09" time="29.693" classname="script.DAY09"/>
</testsuite> <!-- script.DAY09 -->
