<?xml version="1.0" encoding="UTF-8"?>
<!-- Generated by org.testng.reporters.JUnitReportReporter -->
<testsuite skipped="0" hostname="IL-MF10-NA102OH" name="script.DAY02" tests="1" failures="0" timestamp="19 May 2019 08:51:35 GMT" time="28.399" errors="0">
  <testcase name="TC02" time="28.399" classname="script.DAY02"/>
</testsuite> <!-- script.DAY02 -->
