<?xml version="1.0" encoding="UTF-8"?>
<!-- Generated by org.testng.reporters.JUnitReportReporter -->
<testsuite skipped="0" hostname="IL-MF10-NA102OH" name="script.DAY05" tests="1" failures="0" timestamp="19 May 2019 10:34:59 GMT" time="40.854" errors="0">
  <testcase name="TC05" time="40.854" classname="script.DAY05"/>
</testsuite> <!-- script.DAY05 -->
