<?xml version="1.0" encoding="UTF-8"?>
<!-- Generated by org.testng.reporters.JUnitReportReporter -->
<testsuite hostname="IL-MF10-NA102OH" failures="0" tests="3" name="com.crm.qa.testcases.LoginPageTest" time="160.235" errors="0" timestamp="2019-09-17T12:33:09 IST" skipped="0">
  <testcase classname="com.crm.qa.testcases.LoginPageTest" name="loginPageTitleTest" time="66.413"/>
  <testcase classname="com.crm.qa.testcases.LoginPageTest" name="crmLogoImageTest" time="36.186"/>
  <testcase classname="com.crm.qa.testcases.LoginPageTest" name="loginTest" time="57.636"/>
</testsuite> <!-- com.crm.qa.testcases.LoginPageTest -->
